<?xml version="1.0" encoding="UTF-8"?>
<testng-results ignored="0" total="1" passed="1" failed="0" skipped="0">
  <reporter-output>
  </reporter-output>
  <suite started-at="2021-12-18T22:13:12 IST" name="Default suite" finished-at="2021-12-18T22:13:23 IST" duration-ms="11690">
    <groups>
    </groups>
    <test started-at="2021-12-18T22:13:12 IST" name="Default test" finished-at="2021-12-18T22:13:23 IST" duration-ms="11690">
      <class name="com.banking.testCases.TC_LoginTest_001">
        <test-method is-config="true" signature="Setup()[pri:0, instance:com.banking.testCases.TC_LoginTest_001@54e12f4c]" started-at="2021-12-18T22:13:12 IST" name="Setup" finished-at="2021-12-18T22:13:15 IST" duration-ms="3587" status="PASS">
          <reporter-output>
          </reporter-output>
        </test-method> <!-- Setup -->
        <test-method signature="loginTest()[pri:0, instance:com.banking.testCases.TC_LoginTest_001@54e12f4c]" started-at="2021-12-18T22:13:15 IST" name="loginTest" finished-at="2021-12-18T22:13:23 IST" duration-ms="7892" status="PASS">
          <reporter-output>
          </reporter-output>
        </test-method> <!-- loginTest -->
        <test-method is-config="true" signature="teardown()[pri:0, instance:com.banking.testCases.TC_LoginTest_001@54e12f4c]" started-at="2021-12-18T22:13:23 IST" name="teardown" finished-at="2021-12-18T22:13:23 IST" duration-ms="134" status="PASS">
          <reporter-output>
          </reporter-output>
        </test-method> <!-- teardown -->
      </class> <!-- com.banking.testCases.TC_LoginTest_001 -->
    </test> <!-- Default test -->
  </suite> <!-- Default suite -->
</testng-results>
